<?xml version="1.0" encoding="UTF-8"?>
<!-- Generated by org.testng.reporters.JUnitReportReporter -->
<testsuite hostname="Mamatha" failures="0" tests="3" name="practiseapi" time="4.180" errors="0" timestamp="2023-12-07T19:01:27 IST" skipped="0">
  <testcase classname="practiseapi" name="Test1" time="1.963"/>
  <system-out/>
  <testcase classname="practiseapi" name="Test2" time="1.180"/>
  <system-out/>
  <testcase classname="practiseapi" name="delete" time="1.037"/>
  <system-out/>
</testsuite> <!-- practiseapi -->
